0 info it worked if it ends with ok
1 verbose cli [ '/usr/local/bin/node',
1 verbose cli   '/usr/local/bin/npm',
1 verbose cli   'install',
1 verbose cli   '--global',
1 verbose cli   'surge' ]
2 info using npm@2.14.12
3 info using node@v4.3.1
4 verbose install initial load of /usr/local/lib/package.json
5 verbose readDependencies loading dependencies from /usr/local/lib/package.json
6 silly cache add args [ 'surge', null ]
7 verbose cache add spec surge
8 silly cache add parsed spec Result {
8 silly cache add   raw: 'surge',
8 silly cache add   scope: null,
8 silly cache add   name: 'surge',
8 silly cache add   rawSpec: '',
8 silly cache add   spec: 'latest',
8 silly cache add   type: 'tag' }
9 silly addNamed surge@latest
10 verbose addNamed "latest" is being treated as a dist-tag for surge
11 info addNameTag [ 'surge', 'latest' ]
12 silly mapToRegistry name surge
13 silly mapToRegistry using default registry
14 silly mapToRegistry registry https://registry.npmjs.org/
15 silly mapToRegistry uri https://registry.npmjs.org/surge
16 verbose addNameTag registry:https://registry.npmjs.org/surge not in flight; fetching
17 verbose request uri https://registry.npmjs.org/surge
18 verbose request no auth needed
19 info attempt registry request try #1 at 12:01:09
20 verbose request id db03c7fe5435fa7f
21 http request GET https://registry.npmjs.org/surge
22 http 200 https://registry.npmjs.org/surge
23 verbose headers { server: 'CouchDB/1.5.0 (Erlang OTP/R16B03)',
23 verbose headers   etag: '"1I2FDIWFQEM4TLNGMI56AT6LP"',
23 verbose headers   'content-type': 'application/json',
23 verbose headers   'content-encoding': 'gzip',
23 verbose headers   'cache-control': 'max-age=300',
23 verbose headers   'content-length': '7086',
23 verbose headers   'accept-ranges': 'bytes',
23 verbose headers   date: 'Wed, 01 Jun 2016 10:01:10 GMT',
23 verbose headers   via: '1.1 varnish',
23 verbose headers   age: '0',
23 verbose headers   connection: 'keep-alive',
23 verbose headers   'x-served-by': 'cache-fra1222-FRA',
23 verbose headers   'x-cache': 'MISS',
23 verbose headers   'x-cache-hits': '0',
23 verbose headers   'x-timer': 'S1464775270.011795,VS0,VE204',
23 verbose headers   vary: 'Accept-Encoding' }
24 silly get cb [ 200,
24 silly get   { server: 'CouchDB/1.5.0 (Erlang OTP/R16B03)',
24 silly get     etag: '"1I2FDIWFQEM4TLNGMI56AT6LP"',
24 silly get     'content-type': 'application/json',
24 silly get     'content-encoding': 'gzip',
24 silly get     'cache-control': 'max-age=300',
24 silly get     'content-length': '7086',
24 silly get     'accept-ranges': 'bytes',
24 silly get     date: 'Wed, 01 Jun 2016 10:01:10 GMT',
24 silly get     via: '1.1 varnish',
24 silly get     age: '0',
24 silly get     connection: 'keep-alive',
24 silly get     'x-served-by': 'cache-fra1222-FRA',
24 silly get     'x-cache': 'MISS',
24 silly get     'x-cache-hits': '0',
24 silly get     'x-timer': 'S1464775270.011795,VS0,VE204',
24 silly get     vary: 'Accept-Encoding' } ]
25 verbose get saving surge to /Users/Gregoire/.npm/registry.npmjs.org/surge/.cache.json
26 verbose makeDirectory /Users/Gregoire/.npm creation not in flight; initializing
27 silly makeDirectory /Users/Gregoire/.npm uid: 501 gid: 20
28 silly addNameTag next cb for surge with tag latest
29 silly addNamed surge@0.18.0
30 verbose addNamed "0.18.0" is a plain semver version for surge
31 silly mapToRegistry name surge
32 silly mapToRegistry using default registry
33 silly mapToRegistry registry https://registry.npmjs.org/
34 silly mapToRegistry uri https://registry.npmjs.org/surge
35 verbose addRemoteTarball https://registry.npmjs.org/surge/-/surge-0.18.0.tgz not in flight; adding
36 verbose addRemoteTarball [ 'https://registry.npmjs.org/surge/-/surge-0.18.0.tgz',
36 verbose addRemoteTarball   '1c4378c7a5204b96f45eeaf29bfa117a19995ce9' ]
37 info retry fetch attempt 1 at 12:01:10
38 info attempt registry request try #1 at 12:01:10
39 http fetch GET https://registry.npmjs.org/surge/-/surge-0.18.0.tgz
40 http fetch 200 https://registry.npmjs.org/surge/-/surge-0.18.0.tgz
41 silly fetchAndShaCheck shasum 1c4378c7a5204b96f45eeaf29bfa117a19995ce9
42 verbose addTmpTarball /var/folders/PS/PSwycBbTHXunIy2zZWbSy++++TI/-Tmp-/npm-5641-64869915/registry.npmjs.org/surge/-/surge-0.18.0.tgz not in flight; adding
43 verbose addTmpTarball already have metadata; skipping unpack for surge@0.18.0
44 silly cache afterAdd surge@0.18.0
45 verbose afterAdd /Users/Gregoire/.npm/surge/0.18.0/package/package.json not in flight; writing
46 verbose afterAdd /Users/Gregoire/.npm/surge/0.18.0/package/package.json written
47 silly install resolved [ { name: 'surge',
47 silly install resolved     version: '0.18.0',
47 silly install resolved     description: 'CDN for front-end developers',
47 silly install resolved     author: { name: 'Brock Whitten', email: 'brock@chloi.io' },
47 silly install resolved     bin: { surge: './lib/cli.js' },
47 silly install resolved     dependencies:
47 silly install resolved      { du: '0.1.0',
47 silly install resolved        'fstream-ignore': '1.0.2',
47 silly install resolved        'is-domain': '0.0.1',
47 silly install resolved        moniker: '0.1.2',
47 silly install resolved        netrc: '0.1.4',
47 silly install resolved        prompt: '~0.2.14',
47 silly install resolved        progress: '1.1.8',
47 silly install resolved        request: '2.40.0',
47 silly install resolved        split: '0.3.1',
47 silly install resolved        'surge-ignore': '0.2.0',
47 silly install resolved        tar: '1.0.0',
47 silly install resolved        'tar.gz': '0.1.1',
47 silly install resolved        'url-parse-as-address': '1.0.0',
47 silly install resolved        read: '1.0.5',
47 silly install resolved        minimist: '1.1.1' },
47 silly install resolved     devDependencies:
47 silly install resolved      { commander: '2.9.0',
47 silly install resolved        mocha: '*',
47 silly install resolved        nixt: '0.4.1',
47 silly install resolved        should: '7.1.0',
47 silly install resolved        yargs: '3.30.0' },
47 silly install resolved     license: 'ISC',
47 silly install resolved     main: './lib/surge.js',
47 silly install resolved     ignore: [ 'test' ],
47 silly install resolved     scripts:
47 silly install resolved      { test: 'mocha -t 5000',
47 silly install resolved        'test:local': 'ENDPOINT=\'localhost:5001\' ./node_modules/.bin/mocha' },
47 silly install resolved     repository: { type: 'git', url: 'git+https://github.com/sintaxi/surge.git' },
47 silly install resolved     gitHead: '2110dc825bf517b47ca1abc8664a712c174a8630',
47 silly install resolved     bugs: { url: 'https://github.com/sintaxi/surge/issues' },
47 silly install resolved     homepage: 'https://github.com/sintaxi/surge#readme',
47 silly install resolved     _id: 'surge@0.18.0',
47 silly install resolved     _shasum: '1c4378c7a5204b96f45eeaf29bfa117a19995ce9',
47 silly install resolved     _from: 'surge@latest',
47 silly install resolved     _npmVersion: '3.8.2',
47 silly install resolved     _nodeVersion: '4.4.0',
47 silly install resolved     _npmUser: { name: 'sintaxi', email: 'brock@sintaxi.com' },
47 silly install resolved     dist:
47 silly install resolved      { shasum: '1c4378c7a5204b96f45eeaf29bfa117a19995ce9',
47 silly install resolved        tarball: 'https://registry.npmjs.org/surge/-/surge-0.18.0.tgz' },
47 silly install resolved     maintainers: [ [Object], [Object] ],
47 silly install resolved     _npmOperationalInternal:
47 silly install resolved      { host: 'packages-16-east.internal.npmjs.com',
47 silly install resolved        tmp: 'tmp/surge-0.18.0.tgz_1462359848149_0.8497565619181842' },
47 silly install resolved     directories: {},
47 silly install resolved     _resolved: 'https://registry.npmjs.org/surge/-/surge-0.18.0.tgz' } ]
48 info install surge@0.18.0 into /usr/local/lib
49 info installOne surge@0.18.0
50 verbose installOne of surge to /usr/local/lib not in flight; installing
51 verbose makeDirectory /Users/Gregoire/.npm/_locks creation not in flight; initializing
52 silly makeDirectory /Users/Gregoire/.npm/_locks uid: 501 gid: 20
53 verbose lock using /Users/Gregoire/.npm/_locks/surge-9264acc302f55897.lock for /usr/local/lib/node_modules/surge
54 silly install write writing surge 0.18.0 to /usr/local/lib/node_modules/surge
55 verbose unbuild lib/node_modules/surge
56 silly gentlyRm /usr/local/lib/node_modules/surge is being purged from base /usr/local
57 verbose gentlyRm don't care about contents; nuking /usr/local/lib/node_modules/surge
58 verbose tar unpack /Users/Gregoire/.npm/surge/0.18.0/package.tgz
59 verbose tar unpacking to /usr/local/lib/node_modules/surge
60 silly gentlyRm /usr/local/lib/node_modules/surge is being purged
61 verbose gentlyRm don't care about contents; nuking /usr/local/lib/node_modules/surge
62 silly gunzTarPerm modes [ '755', '644' ]
63 error tar.unpack untar error /Users/Gregoire/.npm/surge/0.18.0/package.tgz
64 verbose unlock done using /Users/Gregoire/.npm/_locks/surge-9264acc302f55897.lock for /usr/local/lib/node_modules/surge
65 verbose fstream_path /usr/local/lib/node_modules/surge
66 verbose fstream_type Directory
67 verbose fstream_class DirWriter
68 verbose stack Error: EACCES: permission denied, mkdir '/usr/local/lib/node_modules/surge'
68 verbose stack     at Error (native)
69 verbose fstream_stack /usr/local/lib/node_modules/npm/node_modules/fstream/lib/dir-writer.js:35:25
69 verbose fstream_stack /usr/local/lib/node_modules/npm/node_modules/mkdirp/index.js:47:53
69 verbose fstream_stack FSReqWrap.oncomplete (fs.js:82:15)
70 verbose cwd /Users/Gregoire/code/gregoire/folio
71 error Darwin 10.8.0
72 error argv "/usr/local/bin/node" "/usr/local/bin/npm" "install" "--global" "surge"
73 error node v4.3.1
74 error npm  v2.14.12
75 error path /usr/local/lib/node_modules/surge
76 error code EACCES
77 error errno -13
78 error syscall mkdir
79 error Error: EACCES: permission denied, mkdir '/usr/local/lib/node_modules/surge'
79 error     at Error (native)
79 error  { [Error: EACCES: permission denied, mkdir '/usr/local/lib/node_modules/surge']
79 error   errno: -13,
79 error   code: 'EACCES',
79 error   syscall: 'mkdir',
79 error   path: '/usr/local/lib/node_modules/surge',
79 error   fstream_type: 'Directory',
79 error   fstream_path: '/usr/local/lib/node_modules/surge',
79 error   fstream_class: 'DirWriter',
79 error   fstream_stack:
79 error    [ '/usr/local/lib/node_modules/npm/node_modules/fstream/lib/dir-writer.js:35:25',
79 error      '/usr/local/lib/node_modules/npm/node_modules/mkdirp/index.js:47:53',
79 error      'FSReqWrap.oncomplete (fs.js:82:15)' ] }
80 error Please try running this command again as root/Administrator.
81 verbose exit [ -13, true ]
82 verbose unbuild lib/node_modules/surge
83 silly gentlyRm /usr/local/lib/node_modules/surge is being purged from base /usr/local
84 verbose gentlyRm don't care about contents; nuking /usr/local/lib/node_modules/surge
